<?xml version="1.0" encoding="UTF-8"?>
<testng-results ignored="0" total="2" passed="2" failed="0" skipped="0">
  <reporter-output>
  </reporter-output>
  <suite started-at="2023-10-11T17:31:21 IST" name="TestNGConceptValidation" finished-at="2023-10-11T17:32:05 IST" duration-ms="44039">
    <groups>
    </groups>
    <test started-at="2023-10-11T17:31:21 IST" name="Command line test" finished-at="2023-10-11T17:32:05 IST" duration-ms="44039">
      <class name="TestNGConceptValidation">
        <test-method signature="navigationCheck()[pri:1, instance:TestNGConceptValidation@78b1cc93]" started-at="2023-10-11T17:31:21 IST" name="navigationCheck" finished-at="2023-10-11T17:31:54 IST" duration-ms="33725" status="PASS">
          <reporter-output>
          </reporter-output>
        </test-method> <!-- navigationCheck -->
        <test-method signature="logoCheck()[pri:2, instance:TestNGConceptValidation@78b1cc93]" started-at="2023-10-11T17:31:54 IST" name="logoCheck" finished-at="2023-10-11T17:32:05 IST" duration-ms="10289" status="PASS">
          <reporter-output>
          </reporter-output>
        </test-method> <!-- logoCheck -->
      </class> <!-- TestNGConceptValidation -->
    </test> <!-- Command line test -->
  </suite> <!-- TestNGConceptValidation -->
</testng-results>
