<?xml version="1.0" encoding="UTF-8"?>
<testng-results ignored="0" total="2" passed="2" failed="0" skipped="0">
  <reporter-output>
  </reporter-output>
  <suite started-at="2023-10-11T17:17:21 IST" name="Suite" finished-at="2023-10-11T17:19:22 IST" duration-ms="120652">
    <groups>
    </groups>
    <test started-at="2023-10-11T17:17:21 IST" name="Test" finished-at="2023-10-11T17:19:22 IST" duration-ms="120652">
      <class name="TestNGConceptValidation">
        <test-method signature="navigationCheck()[pri:1, instance:TestNGConceptValidation@443118b0]" started-at="2023-10-11T17:17:21 IST" name="navigationCheck" finished-at="2023-10-11T17:19:13 IST" duration-ms="112387" status="PASS">
          <reporter-output>
          </reporter-output>
        </test-method> <!-- navigationCheck -->
        <test-method signature="logoCheck()[pri:2, instance:TestNGConceptValidation@443118b0]" started-at="2023-10-11T17:19:13 IST" name="logoCheck" finished-at="2023-10-11T17:19:22 IST" duration-ms="8235" status="PASS">
          <reporter-output>
          </reporter-output>
        </test-method> <!-- logoCheck -->
      </class> <!-- TestNGConceptValidation -->
    </test> <!-- Test -->
  </suite> <!-- Suite -->
</testng-results>
